<?xml version="1.0" encoding="UTF-8"?><testsuite errors="0" failures="0" name="com.bestbuy.productinfo.ServiceCURDTest" skipped="0" tests="4" time="1.71" timestamp="2022-06-07T20:57:50.672+01:00[Europe/London]"><testcase classname="com.bestbuy.productinfo.ServiceCURDTest" name="Test0001"/><testcase classname="com.bestbuy.productinfo.ServiceCURDTest" name="Test0002"/><testcase classname="com.bestbuy.productinfo.ServiceCURDTest" name="Test0003"/><testcase classname="com.bestbuy.productinfo.ServiceCURDTest" name="Test04"/></testsuite>