<?xml version="1.0" encoding="UTF-8"?><testsuite errors="0" failures="0" name="com.bestbuy.productinfo.StoresCURDTest" skipped="0" tests="4" time="0.49" timestamp="2022-06-07T20:57:52.516+01:00[Europe/London]"><testcase classname="com.bestbuy.productinfo.StoresCURDTest" name=" This will create new store "/><testcase classname="com.bestbuy.productinfo.StoresCURDTest" name="Verify if the store was added to the application"/><testcase classname="com.bestbuy.productinfo.StoresCURDTest" name="Verify store was updated"/><testcase classname="com.bestbuy.productinfo.StoresCURDTest" name="Delete the store and verify if the store is deleted"/></testsuite>