<?xml version="1.0" encoding="UTF-8"?><testsuite errors="0" failures="0" name="com.bestbuy.productinfo.ProductCURDTest" skipped="0" tests="4" time="9.46" timestamp="2022-06-07T20:57:42.741+01:00[Europe/London]"><testcase classname="com.bestbuy.productinfo.ProductCURDTest" name="This will create a new product"/><testcase classname="com.bestbuy.productinfo.ProductCURDTest" name="Verify if the product was added to the application"/><testcase classname="com.bestbuy.productinfo.ProductCURDTest" name="Verify product was updated"/><testcase classname="com.bestbuy.productinfo.ProductCURDTest" name="verify product was deleted"/></testsuite>